2022-11-07 21:03:19,026 - root - INFO - ***** Test_001_Login ***
2022-11-07 21:03:19,027 - root - INFO - ***** Verifying Home Page Title ***
2022-11-07 21:03:36,560 - root - INFO - ***** Home Page Title test is pass ***
2022-11-07 21:03:40,781 - root - INFO - ***** verifying login test ***
2022-11-07 21:04:01,722 - root - INFO - ***** login test passed ***
2022-11-07 21:58:54,722 - root - INFO - ***** Test_001_Login ***
2022-11-07 21:58:54,723 - root - INFO - ***** Verifying Home Page Title ***
2022-11-07 21:59:12,238 - root - INFO - ***** Home Page Title test is pass ***
2022-11-07 21:59:16,429 - root - INFO - ***** verifying login test ***
2022-11-07 21:59:21,644 - root - INFO - ***** login test passed ***
2022-11-07 22:30:32,640 - root - INFO - ***** Test_001_Login ***
2022-11-07 22:30:32,641 - root - INFO - ***** Verifying Home Page Title ***
2022-11-07 22:30:49,487 - root - INFO - ***** Home Page Title test is pass ***
2022-11-07 22:30:53,725 - root - INFO - ***** verifying login test ***
2022-11-07 22:30:59,069 - root - INFO - ***** login test passed ***
2022-11-07 22:42:11,371 - root - INFO - ***** Test_001_Login ***
2022-11-07 22:42:11,371 - root - INFO - ***** Verifying Home Page Title ***
2022-11-07 22:42:29,035 - root - INFO - ***** Home Page Title test is pass ***
2022-11-07 22:42:30,104 - root - INFO - ***** verifying login test ***
2022-11-07 22:42:52,323 - root - INFO - ***** login test passed ***
2022-11-07 22:45:47,242 - root - INFO - ***** Test_001_Login ***
2022-11-07 22:45:47,242 - root - INFO - ***** Verifying Home Page Title ***
2022-11-07 22:45:47,317 - root - INFO - ***** verifying login test ***
2022-11-07 22:46:04,048 - root - INFO - ***** Home Page Title test is pass ***
2022-11-07 22:46:08,198 - root - INFO - ***** login test passed ***
2022-11-07 22:46:25,489 - root - INFO - ***** verifying login test ***
2022-11-07 22:46:25,561 - root - INFO - ***** Test_001_Login ***
2022-11-07 22:46:25,562 - root - INFO - ***** Verifying Home Page Title ***
2022-11-07 22:46:43,152 - root - INFO - ***** Home Page Title test is pass ***
2022-11-07 22:46:46,218 - root - INFO - ***** login test passed ***
2022-11-07 23:03:01,993 - root - INFO - ***** Test_001_Login ***
2022-11-07 23:03:01,993 - root - INFO - ***** Verifying Home Page Title ***
2022-11-07 23:03:02,940 - root - INFO - ***** verifying login test ***
2022-11-07 23:03:19,458 - root - INFO - ***** Home Page Title test is pass ***
2022-11-07 23:03:22,906 - root - INFO - ***** login test passed ***
2022-11-17 11:33:08,428 - root - INFO - ***** Test_001_Login ***
2022-11-17 11:33:08,428 - root - INFO - ***** Verifying Home Page Title ***
2022-11-17 11:33:25,823 - root - INFO - ***** Home Page Title test is pass ***
2022-11-17 11:33:27,484 - root - INFO - ***** verifying login test ***
2022-11-17 11:33:48,626 - root - INFO - ***** login test passed ***
2023-01-31 20:08:31,282 - root - INFO - ***** Test_001_Login ***
2023-01-31 20:08:31,283 - root - INFO - ***** Verifying Home Page Title ***
2023-01-31 20:08:50,346 - root - INFO - ***** Home Page Title test is pass ***
2023-01-31 20:08:51,441 - root - INFO - ***** verifying login test ***
2023-01-31 20:09:15,777 - root - INFO - ***** login test passed ***
2023-01-31 20:39:11,220 - root - INFO - ***** Test_001_Login ***
2023-01-31 20:39:11,220 - root - INFO - ***** Verifying Home Page Title ***
2023-01-31 20:39:28,760 - root - INFO - ***** Home Page Title test is pass ***
2023-01-31 20:39:29,910 - root - INFO - ***** verifying login test ***
2023-01-31 20:39:50,780 - root - INFO - ***** login test passed ***
